Arguments: 
  C:\Program Files\nodejs\node.exe C:\Users\jslee3\AppData\Roaming\npm\node_modules\yarn\bin\yarn.js add @babel/core @bable/preset-env @babel/preset-typescript

PATH: 
  C:\Python310\Scripts\;C:\Python310\;C:\Windows\system32;C:\Windows;C:\Windows\System32\Wbem;C:\Windows\System32\WindowsPowerShell\v1.0\;C:\Windows\System32\OpenSSH\;C:\Program Files\Bandizip\;C:\Program Files\nodejs\;C:\ProgramData\chocolatey\bin;C:\Program Files\Go\bin;C:\Program Files\Git\cmd;C:\Users\jslee3\AppData\Local\Microsoft\WindowsApps;C:\Users\jslee3\AppData\Roaming\npm;C:\Program Files\JetBrains\WebStorm 2022.1.1\bin;;C:\Users\jslee3\AppData\Local\Programs\Microsoft VS Code\bin;C:\Users\jslee3\go\bin;C:\Program Files\BioStar 2(x64)\ve\dist\lib\bsve\dll;

Yarn version: 
  1.22.18

Node version: 
  16.15.0

Platform: 
  win32 x64

Trace: 
  Error: https://registry.yarnpkg.com/@bable%2fpreset-env: Not found
      at Request.params.callback [as _callback] (C:\Users\jslee3\AppData\Roaming\npm\node_modules\yarn\lib\cli.js:66138:18)
      at Request.self.callback (C:\Users\jslee3\AppData\Roaming\npm\node_modules\yarn\lib\cli.js:140883:22)
      at Request.emit (node:events:527:28)
      at Request.<anonymous> (C:\Users\jslee3\AppData\Roaming\npm\node_modules\yarn\lib\cli.js:141855:10)
      at Request.emit (node:events:527:28)
      at IncomingMessage.<anonymous> (C:\Users\jslee3\AppData\Roaming\npm\node_modules\yarn\lib\cli.js:141777:12)
      at Object.onceWrapper (node:events:641:28)
      at IncomingMessage.emit (node:events:539:35)
      at endReadableNT (node:internal/streams/readable:1345:12)
      at processTicksAndRejections (node:internal/process/task_queues:83:21)

npm manifest: 
  {
    "name": "canvas",
    "version": "1.0.0",
    "main": "index.js",
    "license": "MIT"
  }

yarn manifest: 
  No manifest

Lockfile: 
  No lockfile
